{"/mnt/d/Administrator/Docs/Codeworks/senior/legacyProject/wevva-app/App.js": {"path":"/mnt/d/Administrator/Docs/Codeworks/senior/legacyProject/wevva-app/App.js","statementMap":{"0":{"start":{"line":6,"column":2},"end":{"line":10,"column":4}}},"fnMap":{"0":{"name":"App","decl":{"start":{"line":5,"column":24},"end":{"line":5,"column":27}},"loc":{"start":{"line":5,"column":30},"end":{"line":11,"column":1}},"line":5}},"branchMap":{},"s":{"0":2},"f":{"0":2},"b":{},"_coverageSchema":"1a1c01bbd47fc00a2c39e90264f33305004495a9","hash":"2c7b323d90334a07c06a31538c3637a7e77d0651"}
,"/mnt/d/Administrator/Docs/Codeworks/senior/legacyProject/wevva-app/AppContext.js": {"path":"/mnt/d/Administrator/Docs/Codeworks/senior/legacyProject/wevva-app/AppContext.js","statementMap":{"0":{"start":{"line":5,"column":19},"end":{"line":5,"column":51}},"1":{"start":{"line":8,"column":2},"end":{"line":8,"column":32}},"2":{"start":{"line":12,"column":44},"end":{"line":12,"column":56}},"3":{"start":{"line":13,"column":34},"end":{"line":13,"column":48}},"4":{"start":{"line":14,"column":36},"end":{"line":14,"column":50}},"5":{"start":{"line":17,"column":20},"end":{"line":23,"column":3}},"6":{"start":{"line":18,"column":4},"end":{"line":22,"column":5}},"7":{"start":{"line":19,"column":6},"end":{"line":19,"column":70}},"8":{"start":{"line":21,"column":6},"end":{"line":21,"column":15}},"9":{"start":{"line":27,"column":2},"end":{"line":56,"column":9}},"10":{"start":{"line":28,"column":4},"end":{"line":43,"column":9}},"11":{"start":{"line":29,"column":6},"end":{"line":42,"column":7}},"12":{"start":{"line":30,"column":25},"end":{"line":30,"column":65}},"13":{"start":{"line":31,"column":8},"end":{"line":34,"column":9}},"14":{"start":{"line":32,"column":10},"end":{"line":32,"column":60}},"15":{"start":{"line":33,"column":10},"end":{"line":33,"column":17}},"16":{"start":{"line":35,"column":30},"end":{"line":37,"column":10}},"17":{"start":{"line":38,"column":8},"end":{"line":38,"column":53}},"18":{"start":{"line":39,"column":8},"end":{"line":39,"column":55}},"19":{"start":{"line":41,"column":8},"end":{"line":41,"column":19}},"20":{"start":{"line":46,"column":4},"end":{"line":55,"column":9}},"21":{"start":{"line":47,"column":6},"end":{"line":54,"column":7}},"22":{"start":{"line":48,"column":22},"end":{"line":48,"column":62}},"23":{"start":{"line":49,"column":8},"end":{"line":51,"column":9}},"24":{"start":{"line":50,"column":10},"end":{"line":50,"column":46}},"25":{"start":{"line":53,"column":8},"end":{"line":53,"column":17}},"26":{"start":{"line":59,"column":18},"end":{"line":63,"column":3}},"27":{"start":{"line":60,"column":24},"end":{"line":60,"column":51}},"28":{"start":{"line":61,"column":4},"end":{"line":61,"column":27}},"29":{"start":{"line":62,"column":4},"end":{"line":62,"column":34}},"30":{"start":{"line":64,"column":21},"end":{"line":69,"column":3}},"31":{"start":{"line":65,"column":22},"end":{"line":65,"column":40}},"32":{"start":{"line":66,"column":4},"end":{"line":66,"column":68}},"33":{"start":{"line":66,"column":47},"end":{"line":66,"column":66}},"34":{"start":{"line":67,"column":4},"end":{"line":67,"column":27}},"35":{"start":{"line":68,"column":4},"end":{"line":68,"column":34}},"36":{"start":{"line":71,"column":2},"end":{"line":83,"column":4}}},"fnMap":{"0":{"name":"useApp","decl":{"start":{"line":7,"column":16},"end":{"line":7,"column":22}},"loc":{"start":{"line":7,"column":25},"end":{"line":9,"column":1}},"line":7},"1":{"name":"AppProvider","decl":{"start":{"line":11,"column":24},"end":{"line":11,"column":35}},"loc":{"start":{"line":11,"column":50},"end":{"line":84,"column":1}},"line":11},"2":{"name":"(anonymous_2)","decl":{"start":{"line":17,"column":20},"end":{"line":17,"column":21}},"loc":{"start":{"line":17,"column":37},"end":{"line":23,"column":3}},"line":17},"3":{"name":"(anonymous_3)","decl":{"start":{"line":27,"column":12},"end":{"line":27,"column":13}},"loc":{"start":{"line":27,"column":18},"end":{"line":56,"column":3}},"line":27},"4":{"name":"(anonymous_4)","decl":{"start":{"line":28,"column":5},"end":{"line":28,"column":6}},"loc":{"start":{"line":28,"column":17},"end":{"line":43,"column":5}},"line":28},"5":{"name":"(anonymous_5)","decl":{"start":{"line":46,"column":5},"end":{"line":46,"column":6}},"loc":{"start":{"line":46,"column":17},"end":{"line":55,"column":5}},"line":46},"6":{"name":"(anonymous_6)","decl":{"start":{"line":59,"column":18},"end":{"line":59,"column":19}},"loc":{"start":{"line":59,"column":31},"end":{"line":63,"column":3}},"line":59},"7":{"name":"(anonymous_7)","decl":{"start":{"line":64,"column":21},"end":{"line":64,"column":22}},"loc":{"start":{"line":64,"column":37},"end":{"line":69,"column":3}},"line":64},"8":{"name":"(anonymous_8)","decl":{"start":{"line":66,"column":37},"end":{"line":66,"column":38}},"loc":{"start":{"line":66,"column":47},"end":{"line":66,"column":66}},"line":66}},"branchMap":{"0":{"loc":{"start":{"line":31,"column":8},"end":{"line":34,"column":9}},"type":"if","locations":[{"start":{"line":31,"column":8},"end":{"line":34,"column":9}},{"start":{"line":31,"column":8},"end":{"line":34,"column":9}}],"line":31},"1":{"loc":{"start":{"line":49,"column":8},"end":{"line":51,"column":9}},"type":"if","locations":[{"start":{"line":49,"column":8},"end":{"line":51,"column":9}},{"start":{"line":49,"column":8},"end":{"line":51,"column":9}}],"line":49}},"s":{"0":5,"1":8,"2":4,"3":4,"4":4,"5":4,"6":0,"7":0,"8":0,"9":4,"10":2,"11":2,"12":2,"13":0,"14":0,"15":0,"16":0,"17":0,"18":0,"19":0,"20":2,"21":2,"22":2,"23":0,"24":0,"25":0,"26":4,"27":0,"28":0,"29":0,"30":4,"31":0,"32":0,"33":0,"34":0,"35":0,"36":4},"f":{"0":8,"1":4,"2":0,"3":2,"4":2,"5":2,"6":0,"7":0,"8":0},"b":{"0":[0,0],"1":[0,0]},"_coverageSchema":"1a1c01bbd47fc00a2c39e90264f33305004495a9","hash":"c0f00e534d47ac926e79abd17f9ba20b4499cc44"}
,"/mnt/d/Administrator/Docs/Codeworks/senior/legacyProject/wevva-app/helpers.js": {"path":"/mnt/d/Administrator/Docs/Codeworks/senior/legacyProject/wevva-app/helpers.js","statementMap":{"0":{"start":{"line":4,"column":26},"end":{"line":6,"column":1}},"1":{"start":{"line":5,"column":2},"end":{"line":5,"column":52}},"2":{"start":{"line":9,"column":31},"end":{"line":12,"column":1}},"3":{"start":{"line":10,"column":25},"end":{"line":10,"column":60}},"4":{"start":{"line":11,"column":2},"end":{"line":11,"column":50}},"5":{"start":{"line":15,"column":25},"end":{"line":21,"column":1}},"6":{"start":{"line":16,"column":21},"end":{"line":16,"column":65}},"7":{"start":{"line":17,"column":16},"end":{"line":17,"column":31}},"8":{"start":{"line":18,"column":2},"end":{"line":18,"column":35}},"9":{"start":{"line":19,"column":2},"end":{"line":19,"column":30}},"10":{"start":{"line":20,"column":2},"end":{"line":20,"column":29}},"11":{"start":{"line":24,"column":26},"end":{"line":36,"column":1}},"12":{"start":{"line":25,"column":2},"end":{"line":35,"column":3}},"13":{"start":{"line":26,"column":4},"end":{"line":26,"column":17}},"14":{"start":{"line":27,"column":9},"end":{"line":35,"column":3}},"15":{"start":{"line":28,"column":4},"end":{"line":28,"column":22}},"16":{"start":{"line":29,"column":9},"end":{"line":35,"column":3}},"17":{"start":{"line":30,"column":4},"end":{"line":30,"column":18}},"18":{"start":{"line":31,"column":9},"end":{"line":35,"column":3}},"19":{"start":{"line":32,"column":4},"end":{"line":32,"column":23}},"20":{"start":{"line":34,"column":4},"end":{"line":34,"column":21}},"21":{"start":{"line":39,"column":25},"end":{"line":51,"column":1}},"22":{"start":{"line":40,"column":2},"end":{"line":50,"column":3}},"23":{"start":{"line":41,"column":4},"end":{"line":41,"column":17}},"24":{"start":{"line":42,"column":9},"end":{"line":50,"column":3}},"25":{"start":{"line":43,"column":4},"end":{"line":43,"column":22}},"26":{"start":{"line":44,"column":9},"end":{"line":50,"column":3}},"27":{"start":{"line":45,"column":4},"end":{"line":45,"column":18}},"28":{"start":{"line":46,"column":9},"end":{"line":50,"column":3}},"29":{"start":{"line":47,"column":4},"end":{"line":47,"column":23}},"30":{"start":{"line":49,"column":4},"end":{"line":49,"column":21}},"31":{"start":{"line":54,"column":26},"end":{"line":66,"column":1}},"32":{"start":{"line":55,"column":2},"end":{"line":65,"column":3}},"33":{"start":{"line":56,"column":4},"end":{"line":56,"column":17}},"34":{"start":{"line":57,"column":9},"end":{"line":65,"column":3}},"35":{"start":{"line":58,"column":4},"end":{"line":58,"column":22}},"36":{"start":{"line":59,"column":9},"end":{"line":65,"column":3}},"37":{"start":{"line":60,"column":4},"end":{"line":60,"column":18}},"38":{"start":{"line":61,"column":9},"end":{"line":65,"column":3}},"39":{"start":{"line":62,"column":4},"end":{"line":62,"column":23}},"40":{"start":{"line":64,"column":4},"end":{"line":64,"column":21}},"41":{"start":{"line":69,"column":25},"end":{"line":81,"column":1}},"42":{"start":{"line":70,"column":2},"end":{"line":80,"column":3}},"43":{"start":{"line":71,"column":4},"end":{"line":71,"column":17}},"44":{"start":{"line":72,"column":9},"end":{"line":80,"column":3}},"45":{"start":{"line":73,"column":4},"end":{"line":73,"column":22}},"46":{"start":{"line":74,"column":9},"end":{"line":80,"column":3}},"47":{"start":{"line":75,"column":4},"end":{"line":75,"column":18}},"48":{"start":{"line":76,"column":9},"end":{"line":80,"column":3}},"49":{"start":{"line":77,"column":4},"end":{"line":77,"column":23}},"50":{"start":{"line":79,"column":4},"end":{"line":79,"column":21}},"51":{"start":{"line":84,"column":26},"end":{"line":96,"column":1}},"52":{"start":{"line":85,"column":2},"end":{"line":95,"column":3}},"53":{"start":{"line":86,"column":4},"end":{"line":86,"column":17}},"54":{"start":{"line":87,"column":9},"end":{"line":95,"column":3}},"55":{"start":{"line":88,"column":4},"end":{"line":88,"column":22}},"56":{"start":{"line":89,"column":9},"end":{"line":95,"column":3}},"57":{"start":{"line":90,"column":4},"end":{"line":90,"column":18}},"58":{"start":{"line":91,"column":9},"end":{"line":95,"column":3}},"59":{"start":{"line":92,"column":4},"end":{"line":92,"column":23}},"60":{"start":{"line":94,"column":4},"end":{"line":94,"column":21}},"61":{"start":{"line":99,"column":26},"end":{"line":111,"column":1}},"62":{"start":{"line":100,"column":2},"end":{"line":110,"column":3}},"63":{"start":{"line":101,"column":4},"end":{"line":101,"column":17}},"64":{"start":{"line":102,"column":9},"end":{"line":110,"column":3}},"65":{"start":{"line":103,"column":4},"end":{"line":103,"column":22}},"66":{"start":{"line":104,"column":9},"end":{"line":110,"column":3}},"67":{"start":{"line":105,"column":4},"end":{"line":105,"column":18}},"68":{"start":{"line":106,"column":9},"end":{"line":110,"column":3}},"69":{"start":{"line":107,"column":4},"end":{"line":107,"column":23}},"70":{"start":{"line":109,"column":4},"end":{"line":109,"column":21}},"71":{"start":{"line":114,"column":27},"end":{"line":126,"column":1}},"72":{"start":{"line":115,"column":2},"end":{"line":125,"column":3}},"73":{"start":{"line":116,"column":4},"end":{"line":116,"column":17}},"74":{"start":{"line":117,"column":9},"end":{"line":125,"column":3}},"75":{"start":{"line":118,"column":4},"end":{"line":118,"column":22}},"76":{"start":{"line":119,"column":9},"end":{"line":125,"column":3}},"77":{"start":{"line":120,"column":4},"end":{"line":120,"column":18}},"78":{"start":{"line":121,"column":9},"end":{"line":125,"column":3}},"79":{"start":{"line":122,"column":4},"end":{"line":122,"column":23}},"80":{"start":{"line":124,"column":4},"end":{"line":124,"column":21}},"81":{"start":{"line":129,"column":27},"end":{"line":141,"column":1}},"82":{"start":{"line":130,"column":2},"end":{"line":140,"column":3}},"83":{"start":{"line":131,"column":4},"end":{"line":131,"column":17}},"84":{"start":{"line":132,"column":9},"end":{"line":140,"column":3}},"85":{"start":{"line":133,"column":4},"end":{"line":133,"column":22}},"86":{"start":{"line":134,"column":9},"end":{"line":140,"column":3}},"87":{"start":{"line":135,"column":4},"end":{"line":135,"column":18}},"88":{"start":{"line":136,"column":9},"end":{"line":140,"column":3}},"89":{"start":{"line":137,"column":4},"end":{"line":137,"column":23}},"90":{"start":{"line":139,"column":4},"end":{"line":139,"column":21}}},"fnMap":{"0":{"name":"(anonymous_0)","decl":{"start":{"line":4,"column":26},"end":{"line":4,"column":27}},"loc":{"start":{"line":4,"column":35},"end":{"line":6,"column":1}},"line":4},"1":{"name":"(anonymous_1)","decl":{"start":{"line":9,"column":31},"end":{"line":9,"column":32}},"loc":{"start":{"line":9,"column":37},"end":{"line":12,"column":1}},"line":9},"2":{"name":"(anonymous_2)","decl":{"start":{"line":15,"column":25},"end":{"line":15,"column":26}},"loc":{"start":{"line":15,"column":34},"end":{"line":21,"column":1}},"line":15},"3":{"name":"(anonymous_3)","decl":{"start":{"line":24,"column":26},"end":{"line":24,"column":27}},"loc":{"start":{"line":24,"column":35},"end":{"line":36,"column":1}},"line":24},"4":{"name":"(anonymous_4)","decl":{"start":{"line":39,"column":25},"end":{"line":39,"column":26}},"loc":{"start":{"line":39,"column":34},"end":{"line":51,"column":1}},"line":39},"5":{"name":"(anonymous_5)","decl":{"start":{"line":54,"column":26},"end":{"line":54,"column":27}},"loc":{"start":{"line":54,"column":35},"end":{"line":66,"column":1}},"line":54},"6":{"name":"(anonymous_6)","decl":{"start":{"line":69,"column":25},"end":{"line":69,"column":26}},"loc":{"start":{"line":69,"column":34},"end":{"line":81,"column":1}},"line":69},"7":{"name":"(anonymous_7)","decl":{"start":{"line":84,"column":26},"end":{"line":84,"column":27}},"loc":{"start":{"line":84,"column":35},"end":{"line":96,"column":1}},"line":84},"8":{"name":"(anonymous_8)","decl":{"start":{"line":99,"column":26},"end":{"line":99,"column":27}},"loc":{"start":{"line":99,"column":35},"end":{"line":111,"column":1}},"line":99},"9":{"name":"(anonymous_9)","decl":{"start":{"line":114,"column":27},"end":{"line":114,"column":28}},"loc":{"start":{"line":114,"column":36},"end":{"line":126,"column":1}},"line":114},"10":{"name":"(anonymous_10)","decl":{"start":{"line":129,"column":27},"end":{"line":129,"column":28}},"loc":{"start":{"line":129,"column":36},"end":{"line":141,"column":1}},"line":129}},"branchMap":{"0":{"loc":{"start":{"line":25,"column":2},"end":{"line":35,"column":3}},"type":"if","locations":[{"start":{"line":25,"column":2},"end":{"line":35,"column":3}},{"start":{"line":25,"column":2},"end":{"line":35,"column":3}}],"line":25},"1":{"loc":{"start":{"line":27,"column":9},"end":{"line":35,"column":3}},"type":"if","locations":[{"start":{"line":27,"column":9},"end":{"line":35,"column":3}},{"start":{"line":27,"column":9},"end":{"line":35,"column":3}}],"line":27},"2":{"loc":{"start":{"line":29,"column":9},"end":{"line":35,"column":3}},"type":"if","locations":[{"start":{"line":29,"column":9},"end":{"line":35,"column":3}},{"start":{"line":29,"column":9},"end":{"line":35,"column":3}}],"line":29},"3":{"loc":{"start":{"line":31,"column":9},"end":{"line":35,"column":3}},"type":"if","locations":[{"start":{"line":31,"column":9},"end":{"line":35,"column":3}},{"start":{"line":31,"column":9},"end":{"line":35,"column":3}}],"line":31},"4":{"loc":{"start":{"line":40,"column":2},"end":{"line":50,"column":3}},"type":"if","locations":[{"start":{"line":40,"column":2},"end":{"line":50,"column":3}},{"start":{"line":40,"column":2},"end":{"line":50,"column":3}}],"line":40},"5":{"loc":{"start":{"line":42,"column":9},"end":{"line":50,"column":3}},"type":"if","locations":[{"start":{"line":42,"column":9},"end":{"line":50,"column":3}},{"start":{"line":42,"column":9},"end":{"line":50,"column":3}}],"line":42},"6":{"loc":{"start":{"line":44,"column":9},"end":{"line":50,"column":3}},"type":"if","locations":[{"start":{"line":44,"column":9},"end":{"line":50,"column":3}},{"start":{"line":44,"column":9},"end":{"line":50,"column":3}}],"line":44},"7":{"loc":{"start":{"line":46,"column":9},"end":{"line":50,"column":3}},"type":"if","locations":[{"start":{"line":46,"column":9},"end":{"line":50,"column":3}},{"start":{"line":46,"column":9},"end":{"line":50,"column":3}}],"line":46},"8":{"loc":{"start":{"line":55,"column":2},"end":{"line":65,"column":3}},"type":"if","locations":[{"start":{"line":55,"column":2},"end":{"line":65,"column":3}},{"start":{"line":55,"column":2},"end":{"line":65,"column":3}}],"line":55},"9":{"loc":{"start":{"line":57,"column":9},"end":{"line":65,"column":3}},"type":"if","locations":[{"start":{"line":57,"column":9},"end":{"line":65,"column":3}},{"start":{"line":57,"column":9},"end":{"line":65,"column":3}}],"line":57},"10":{"loc":{"start":{"line":59,"column":9},"end":{"line":65,"column":3}},"type":"if","locations":[{"start":{"line":59,"column":9},"end":{"line":65,"column":3}},{"start":{"line":59,"column":9},"end":{"line":65,"column":3}}],"line":59},"11":{"loc":{"start":{"line":61,"column":9},"end":{"line":65,"column":3}},"type":"if","locations":[{"start":{"line":61,"column":9},"end":{"line":65,"column":3}},{"start":{"line":61,"column":9},"end":{"line":65,"column":3}}],"line":61},"12":{"loc":{"start":{"line":70,"column":2},"end":{"line":80,"column":3}},"type":"if","locations":[{"start":{"line":70,"column":2},"end":{"line":80,"column":3}},{"start":{"line":70,"column":2},"end":{"line":80,"column":3}}],"line":70},"13":{"loc":{"start":{"line":72,"column":9},"end":{"line":80,"column":3}},"type":"if","locations":[{"start":{"line":72,"column":9},"end":{"line":80,"column":3}},{"start":{"line":72,"column":9},"end":{"line":80,"column":3}}],"line":72},"14":{"loc":{"start":{"line":74,"column":9},"end":{"line":80,"column":3}},"type":"if","locations":[{"start":{"line":74,"column":9},"end":{"line":80,"column":3}},{"start":{"line":74,"column":9},"end":{"line":80,"column":3}}],"line":74},"15":{"loc":{"start":{"line":76,"column":9},"end":{"line":80,"column":3}},"type":"if","locations":[{"start":{"line":76,"column":9},"end":{"line":80,"column":3}},{"start":{"line":76,"column":9},"end":{"line":80,"column":3}}],"line":76},"16":{"loc":{"start":{"line":85,"column":2},"end":{"line":95,"column":3}},"type":"if","locations":[{"start":{"line":85,"column":2},"end":{"line":95,"column":3}},{"start":{"line":85,"column":2},"end":{"line":95,"column":3}}],"line":85},"17":{"loc":{"start":{"line":87,"column":9},"end":{"line":95,"column":3}},"type":"if","locations":[{"start":{"line":87,"column":9},"end":{"line":95,"column":3}},{"start":{"line":87,"column":9},"end":{"line":95,"column":3}}],"line":87},"18":{"loc":{"start":{"line":89,"column":9},"end":{"line":95,"column":3}},"type":"if","locations":[{"start":{"line":89,"column":9},"end":{"line":95,"column":3}},{"start":{"line":89,"column":9},"end":{"line":95,"column":3}}],"line":89},"19":{"loc":{"start":{"line":91,"column":9},"end":{"line":95,"column":3}},"type":"if","locations":[{"start":{"line":91,"column":9},"end":{"line":95,"column":3}},{"start":{"line":91,"column":9},"end":{"line":95,"column":3}}],"line":91},"20":{"loc":{"start":{"line":100,"column":2},"end":{"line":110,"column":3}},"type":"if","locations":[{"start":{"line":100,"column":2},"end":{"line":110,"column":3}},{"start":{"line":100,"column":2},"end":{"line":110,"column":3}}],"line":100},"21":{"loc":{"start":{"line":102,"column":9},"end":{"line":110,"column":3}},"type":"if","locations":[{"start":{"line":102,"column":9},"end":{"line":110,"column":3}},{"start":{"line":102,"column":9},"end":{"line":110,"column":3}}],"line":102},"22":{"loc":{"start":{"line":104,"column":9},"end":{"line":110,"column":3}},"type":"if","locations":[{"start":{"line":104,"column":9},"end":{"line":110,"column":3}},{"start":{"line":104,"column":9},"end":{"line":110,"column":3}}],"line":104},"23":{"loc":{"start":{"line":106,"column":9},"end":{"line":110,"column":3}},"type":"if","locations":[{"start":{"line":106,"column":9},"end":{"line":110,"column":3}},{"start":{"line":106,"column":9},"end":{"line":110,"column":3}}],"line":106},"24":{"loc":{"start":{"line":115,"column":2},"end":{"line":125,"column":3}},"type":"if","locations":[{"start":{"line":115,"column":2},"end":{"line":125,"column":3}},{"start":{"line":115,"column":2},"end":{"line":125,"column":3}}],"line":115},"25":{"loc":{"start":{"line":117,"column":9},"end":{"line":125,"column":3}},"type":"if","locations":[{"start":{"line":117,"column":9},"end":{"line":125,"column":3}},{"start":{"line":117,"column":9},"end":{"line":125,"column":3}}],"line":117},"26":{"loc":{"start":{"line":119,"column":9},"end":{"line":125,"column":3}},"type":"if","locations":[{"start":{"line":119,"column":9},"end":{"line":125,"column":3}},{"start":{"line":119,"column":9},"end":{"line":125,"column":3}}],"line":119},"27":{"loc":{"start":{"line":121,"column":9},"end":{"line":125,"column":3}},"type":"if","locations":[{"start":{"line":121,"column":9},"end":{"line":125,"column":3}},{"start":{"line":121,"column":9},"end":{"line":125,"column":3}}],"line":121},"28":{"loc":{"start":{"line":130,"column":2},"end":{"line":140,"column":3}},"type":"if","locations":[{"start":{"line":130,"column":2},"end":{"line":140,"column":3}},{"start":{"line":130,"column":2},"end":{"line":140,"column":3}}],"line":130},"29":{"loc":{"start":{"line":132,"column":9},"end":{"line":140,"column":3}},"type":"if","locations":[{"start":{"line":132,"column":9},"end":{"line":140,"column":3}},{"start":{"line":132,"column":9},"end":{"line":140,"column":3}}],"line":132},"30":{"loc":{"start":{"line":134,"column":9},"end":{"line":140,"column":3}},"type":"if","locations":[{"start":{"line":134,"column":9},"end":{"line":140,"column":3}},{"start":{"line":134,"column":9},"end":{"line":140,"column":3}}],"line":134},"31":{"loc":{"start":{"line":136,"column":9},"end":{"line":140,"column":3}},"type":"if","locations":[{"start":{"line":136,"column":9},"end":{"line":140,"column":3}},{"start":{"line":136,"column":9},"end":{"line":140,"column":3}}],"line":136}},"s":{"0":9,"1":0,"2":9,"3":0,"4":0,"5":9,"6":0,"7":0,"8":0,"9":0,"10":0,"11":9,"12":0,"13":0,"14":0,"15":0,"16":0,"17":0,"18":0,"19":0,"20":0,"21":9,"22":0,"23":0,"24":0,"25":0,"26":0,"27":0,"28":0,"29":0,"30":0,"31":9,"32":0,"33":0,"34":0,"35":0,"36":0,"37":0,"38":0,"39":0,"40":0,"41":9,"42":0,"43":0,"44":0,"45":0,"46":0,"47":0,"48":0,"49":0,"50":0,"51":9,"52":0,"53":0,"54":0,"55":0,"56":0,"57":0,"58":0,"59":0,"60":0,"61":9,"62":0,"63":0,"64":0,"65":0,"66":0,"67":0,"68":0,"69":0,"70":0,"71":9,"72":0,"73":0,"74":0,"75":0,"76":0,"77":0,"78":0,"79":0,"80":0,"81":9,"82":0,"83":0,"84":0,"85":0,"86":0,"87":0,"88":0,"89":0,"90":0},"f":{"0":0,"1":0,"2":0,"3":0,"4":0,"5":0,"6":0,"7":0,"8":0,"9":0,"10":0},"b":{"0":[0,0],"1":[0,0],"2":[0,0],"3":[0,0],"4":[0,0],"5":[0,0],"6":[0,0],"7":[0,0],"8":[0,0],"9":[0,0],"10":[0,0],"11":[0,0],"12":[0,0],"13":[0,0],"14":[0,0],"15":[0,0],"16":[0,0],"17":[0,0],"18":[0,0],"19":[0,0],"20":[0,0],"21":[0,0],"22":[0,0],"23":[0,0],"24":[0,0],"25":[0,0],"26":[0,0],"27":[0,0],"28":[0,0],"29":[0,0],"30":[0,0],"31":[0,0]},"_coverageSchema":"1a1c01bbd47fc00a2c39e90264f33305004495a9","hash":"476d40cd63ea63b2e62d1d199554ad576af1d171"}
,"/mnt/d/Administrator/Docs/Codeworks/senior/legacyProject/wevva-app/assets/index.js": {"path":"/mnt/d/Administrator/Docs/Codeworks/senior/legacyProject/wevva-app/assets/index.js","statementMap":{"0":{"start":{"line":1,"column":15},"end":{"line":21,"column":1}}},"fnMap":{},"branchMap":{},"s":{"0":10},"f":{},"b":{},"_coverageSchema":"1a1c01bbd47fc00a2c39e90264f33305004495a9","hash":"a94cdfe102f766b1a16f6a3f515b89fac070ef2f"}
,"/mnt/d/Administrator/Docs/Codeworks/senior/legacyProject/wevva-app/components/AirPollution.js": {"path":"/mnt/d/Administrator/Docs/Codeworks/senior/legacyProject/wevva-app/components/AirPollution.js","statementMap":{"0":{"start":{"line":16,"column":42},"end":{"line":16,"column":56}},"1":{"start":{"line":18,"column":2},"end":{"line":26,"column":9}},"2":{"start":{"line":19,"column":4},"end":{"line":25,"column":9}},"3":{"start":{"line":22,"column":26},"end":{"line":22,"column":41}},"4":{"start":{"line":24,"column":8},"end":{"line":24,"column":38}},"5":{"start":{"line":28,"column":2},"end":{"line":102,"column":4}}},"fnMap":{"0":{"name":"AirPollution","decl":{"start":{"line":15,"column":24},"end":{"line":15,"column":36}},"loc":{"start":{"line":15,"column":51},"end":{"line":103,"column":1}},"line":15},"1":{"name":"(anonymous_1)","decl":{"start":{"line":18,"column":12},"end":{"line":18,"column":13}},"loc":{"start":{"line":18,"column":18},"end":{"line":26,"column":3}},"line":18},"2":{"name":"(anonymous_2)","decl":{"start":{"line":22,"column":12},"end":{"line":22,"column":13}},"loc":{"start":{"line":22,"column":26},"end":{"line":22,"column":41}},"line":22},"3":{"name":"(anonymous_3)","decl":{"start":{"line":23,"column":12},"end":{"line":23,"column":13}},"loc":{"start":{"line":23,"column":22},"end":{"line":25,"column":7}},"line":23}},"branchMap":{"0":{"loc":{"start":{"line":30,"column":7},"end":{"line":100,"column":7}},"type":"cond-expr","locations":[{"start":{"line":31,"column":8},"end":{"line":97,"column":11}},{"start":{"line":99,"column":8},"end":{"line":99,"column":13}}],"line":30}},"s":{"0":2,"1":2,"2":1,"3":0,"4":0,"5":2},"f":{"0":2,"1":1,"2":0,"3":0},"b":{"0":[0,2]},"_coverageSchema":"1a1c01bbd47fc00a2c39e90264f33305004495a9","hash":"b37184089a36fed4be90ee2dfed4438a330fefe9"}
,"/mnt/d/Administrator/Docs/Codeworks/senior/legacyProject/wevva-app/components/Conditions.js": {"path":"/mnt/d/Administrator/Docs/Codeworks/senior/legacyProject/wevva-app/components/Conditions.js","statementMap":{"0":{"start":{"line":8,"column":21},"end":{"line":8,"column":35}},"1":{"start":{"line":9,"column":24},"end":{"line":9,"column":39}},"2":{"start":{"line":10,"column":23},"end":{"line":10,"column":43}},"3":{"start":{"line":11,"column":23},"end":{"line":11,"column":38}},"4":{"start":{"line":33,"column":2},"end":{"line":89,"column":4}}},"fnMap":{"0":{"name":"Conditions","decl":{"start":{"line":7,"column":24},"end":{"line":7,"column":34}},"loc":{"start":{"line":7,"column":45},"end":{"line":90,"column":1}},"line":7}},"branchMap":{},"s":{"0":2,"1":0,"2":0,"3":0,"4":0},"f":{"0":2},"b":{},"_coverageSchema":"1a1c01bbd47fc00a2c39e90264f33305004495a9","hash":"0d374aaf4bb7aa54bc9248ac48382c6825c28d16"}
,"/mnt/d/Administrator/Docs/Codeworks/senior/legacyProject/wevva-app/components/Current.js": {"path":"/mnt/d/Administrator/Docs/Codeworks/senior/legacyProject/wevva-app/components/Current.js","statementMap":{"0":{"start":{"line":11,"column":26},"end":{"line":11,"column":40}},"1":{"start":{"line":12,"column":26},"end":{"line":12,"column":40}},"2":{"start":{"line":13,"column":34},"end":{"line":13,"column":48}},"3":{"start":{"line":14,"column":26},"end":{"line":14,"column":40}},"4":{"start":{"line":15,"column":34},"end":{"line":15,"column":49}},"5":{"start":{"line":19,"column":2},"end":{"line":33,"column":9}},"6":{"start":{"line":20,"column":4},"end":{"line":32,"column":9}},"7":{"start":{"line":25,"column":26},"end":{"line":25,"column":41}},"8":{"start":{"line":27,"column":8},"end":{"line":27,"column":27}},"9":{"start":{"line":28,"column":8},"end":{"line":28,"column":61}},"10":{"start":{"line":29,"column":8},"end":{"line":29,"column":44}},"11":{"start":{"line":30,"column":8},"end":{"line":30,"column":38}},"12":{"start":{"line":31,"column":8},"end":{"line":31,"column":26}},"13":{"start":{"line":38,"column":4},"end":{"line":38,"column":72}},"14":{"start":{"line":41,"column":2},"end":{"line":70,"column":4}}},"fnMap":{"0":{"name":"Current","decl":{"start":{"line":10,"column":24},"end":{"line":10,"column":31}},"loc":{"start":{"line":10,"column":60},"end":{"line":71,"column":1}},"line":10},"1":{"name":"(anonymous_1)","decl":{"start":{"line":19,"column":12},"end":{"line":19,"column":13}},"loc":{"start":{"line":19,"column":18},"end":{"line":33,"column":3}},"line":19},"2":{"name":"(anonymous_2)","decl":{"start":{"line":25,"column":12},"end":{"line":25,"column":13}},"loc":{"start":{"line":25,"column":26},"end":{"line":25,"column":41}},"line":25},"3":{"name":"(anonymous_3)","decl":{"start":{"line":26,"column":12},"end":{"line":26,"column":13}},"loc":{"start":{"line":26,"column":22},"end":{"line":32,"column":7}},"line":26}},"branchMap":{"0":{"loc":{"start":{"line":43,"column":7},"end":{"line":68,"column":7}},"type":"cond-expr","locations":[{"start":{"line":44,"column":8},"end":{"line":65,"column":15}},{"start":{"line":67,"column":8},"end":{"line":67,"column":55}}],"line":43},"1":{"loc":{"start":{"line":51,"column":11},"end":{"line":61,"column":11}},"type":"cond-expr","locations":[{"start":{"line":52,"column":12},"end":{"line":55,"column":19}},{"start":{"line":57,"column":12},"end":{"line":60,"column":19}}],"line":51},"2":{"loc":{"start":{"line":53,"column":15},"end":{"line":53,"column":49}},"type":"cond-expr","locations":[{"start":{"line":53,"column":30},"end":{"line":53,"column":42}},{"start":{"line":53,"column":45},"end":{"line":53,"column":49}}],"line":53},"3":{"loc":{"start":{"line":58,"column":15},"end":{"line":58,"column":49}},"type":"cond-expr","locations":[{"start":{"line":58,"column":30},"end":{"line":58,"column":42}},{"start":{"line":58,"column":45},"end":{"line":58,"column":49}}],"line":58}},"s":{"0":2,"1":2,"2":2,"3":2,"4":2,"5":2,"6":1,"7":0,"8":0,"9":0,"10":0,"11":0,"12":0,"13":2,"14":2},"f":{"0":2,"1":1,"2":0,"3":0},"b":{"0":[0,2],"1":[0,0],"2":[0,0],"3":[0,0]},"_coverageSchema":"1a1c01bbd47fc00a2c39e90264f33305004495a9","hash":"b2e9da541d84c90210cd72213eeba730c56b456d"}
,"/mnt/d/Administrator/Docs/Codeworks/senior/legacyProject/wevva-app/components/Day.js": {"path":"/mnt/d/Administrator/Docs/Codeworks/senior/legacyProject/wevva-app/components/Day.js","statementMap":{"0":{"start":{"line":8,"column":2},"end":{"line":31,"column":4}}},"fnMap":{"0":{"name":"Day","decl":{"start":{"line":7,"column":24},"end":{"line":7,"column":27}},"loc":{"start":{"line":7,"column":72},"end":{"line":32,"column":1}},"line":7}},"branchMap":{"0":{"loc":{"start":{"line":11,"column":9},"end":{"line":20,"column":9}},"type":"cond-expr","locations":[{"start":{"line":12,"column":10},"end":{"line":17,"column":12}},{"start":{"line":19,"column":10},"end":{"line":19,"column":57}}],"line":11}},"s":{"0":2},"f":{"0":2},"b":{"0":[0,2]},"_coverageSchema":"1a1c01bbd47fc00a2c39e90264f33305004495a9","hash":"a865e404b2312efa016fe2f55c2c7273f3a0057c"}
,"/mnt/d/Administrator/Docs/Codeworks/senior/legacyProject/wevva-app/components/Days.js": {"path":"/mnt/d/Administrator/Docs/Codeworks/senior/legacyProject/wevva-app/components/Days.js","statementMap":{"0":{"start":{"line":8,"column":20},"end":{"line":8,"column":24}},"1":{"start":{"line":10,"column":2},"end":{"line":38,"column":4}}},"fnMap":{"0":{"name":"Days","decl":{"start":{"line":7,"column":24},"end":{"line":7,"column":28}},"loc":{"start":{"line":7,"column":39},"end":{"line":39,"column":1}},"line":7}},"branchMap":{"0":{"loc":{"start":{"line":12,"column":7},"end":{"line":36,"column":14}},"type":"cond-expr","locations":[{"start":{"line":13,"column":8},"end":{"line":35,"column":15}},{"start":{"line":36,"column":10},"end":{"line":36,"column":14}}],"line":12}},"s":{"0":2,"1":0},"f":{"0":2},"b":{"0":[0,0]},"_coverageSchema":"1a1c01bbd47fc00a2c39e90264f33305004495a9","hash":"bd9ceba9629149bab4f47f2deaac309380762b18"}
,"/mnt/d/Administrator/Docs/Codeworks/senior/legacyProject/wevva-app/components/Forecast.js": {"path":"/mnt/d/Administrator/Docs/Codeworks/senior/legacyProject/wevva-app/components/Forecast.js","statementMap":{"0":{"start":{"line":16,"column":40},"end":{"line":16,"column":54}},"1":{"start":{"line":17,"column":34},"end":{"line":17,"column":49}},"2":{"start":{"line":18,"column":26},"end":{"line":18,"column":40}},"3":{"start":{"line":22,"column":2},"end":{"line":32,"column":9}},"4":{"start":{"line":23,"column":4},"end":{"line":31,"column":9}},"5":{"start":{"line":26,"column":26},"end":{"line":26,"column":41}},"6":{"start":{"line":28,"column":8},"end":{"line":28,"column":29}},"7":{"start":{"line":29,"column":8},"end":{"line":29,"column":48}},"8":{"start":{"line":30,"column":8},"end":{"line":30,"column":26}},"9":{"start":{"line":34,"column":2},"end":{"line":64,"column":4}}},"fnMap":{"0":{"name":"Forecast","decl":{"start":{"line":15,"column":24},"end":{"line":15,"column":32}},"loc":{"start":{"line":15,"column":61},"end":{"line":65,"column":1}},"line":15},"1":{"name":"(anonymous_1)","decl":{"start":{"line":22,"column":12},"end":{"line":22,"column":13}},"loc":{"start":{"line":22,"column":18},"end":{"line":32,"column":3}},"line":22},"2":{"name":"(anonymous_2)","decl":{"start":{"line":26,"column":12},"end":{"line":26,"column":13}},"loc":{"start":{"line":26,"column":26},"end":{"line":26,"column":41}},"line":26},"3":{"name":"(anonymous_3)","decl":{"start":{"line":27,"column":12},"end":{"line":27,"column":13}},"loc":{"start":{"line":27,"column":22},"end":{"line":31,"column":7}},"line":27}},"branchMap":{"0":{"loc":{"start":{"line":36,"column":7},"end":{"line":62,"column":7}},"type":"cond-expr","locations":[{"start":{"line":37,"column":8},"end":{"line":59,"column":26}},{"start":{"line":61,"column":8},"end":{"line":61,"column":52}}],"line":36},"1":{"loc":{"start":{"line":40,"column":12},"end":{"line":42,"column":56}},"type":"cond-expr","locations":[{"start":{"line":41,"column":16},"end":{"line":41,"column":57}},{"start":{"line":42,"column":16},"end":{"line":42,"column":56}}],"line":40}},"s":{"0":2,"1":2,"2":2,"3":2,"4":1,"5":0,"6":0,"7":0,"8":0,"9":2},"f":{"0":2,"1":1,"2":0,"3":0},"b":{"0":[0,2],"1":[0,0]},"_coverageSchema":"1a1c01bbd47fc00a2c39e90264f33305004495a9","hash":"be4e984089cf14f143ea0781f23cd74d2531472a"}
,"/mnt/d/Administrator/Docs/Codeworks/senior/legacyProject/wevva-app/components/ForecastSearch.js": {"path":"/mnt/d/Administrator/Docs/Codeworks/senior/legacyProject/wevva-app/components/ForecastSearch.js","statementMap":{"0":{"start":{"line":21,"column":40},"end":{"line":21,"column":54}},"1":{"start":{"line":22,"column":34},"end":{"line":22,"column":49}},"2":{"start":{"line":23,"column":26},"end":{"line":23,"column":40}},"3":{"start":{"line":24,"column":37},"end":{"line":24,"column":55}},"4":{"start":{"line":25,"column":17},"end":{"line":25,"column":40}},"5":{"start":{"line":28,"column":2},"end":{"line":39,"column":9}},"6":{"start":{"line":29,"column":4},"end":{"line":38,"column":9}},"7":{"start":{"line":32,"column":26},"end":{"line":32,"column":41}},"8":{"start":{"line":34,"column":8},"end":{"line":34,"column":29}},"9":{"start":{"line":35,"column":8},"end":{"line":35,"column":33}},"10":{"start":{"line":36,"column":8},"end":{"line":36,"column":48}},"11":{"start":{"line":37,"column":8},"end":{"line":37,"column":26}},"12":{"start":{"line":41,"column":2},"end":{"line":86,"column":4}},"13":{"start":{"line":60,"column":22},"end":{"line":60,"column":31}}},"fnMap":{"0":{"name":"ForecastSearch","decl":{"start":{"line":20,"column":24},"end":{"line":20,"column":38}},"loc":{"start":{"line":20,"column":46},"end":{"line":87,"column":1}},"line":20},"1":{"name":"(anonymous_1)","decl":{"start":{"line":28,"column":12},"end":{"line":28,"column":13}},"loc":{"start":{"line":28,"column":18},"end":{"line":39,"column":3}},"line":28},"2":{"name":"(anonymous_2)","decl":{"start":{"line":32,"column":12},"end":{"line":32,"column":13}},"loc":{"start":{"line":32,"column":26},"end":{"line":32,"column":41}},"line":32},"3":{"name":"(anonymous_3)","decl":{"start":{"line":33,"column":12},"end":{"line":33,"column":13}},"loc":{"start":{"line":33,"column":22},"end":{"line":38,"column":7}},"line":33},"4":{"name":"(anonymous_4)","decl":{"start":{"line":58,"column":29},"end":{"line":58,"column":30}},"loc":{"start":{"line":58,"column":35},"end":{"line":61,"column":21}},"line":58}},"branchMap":{"0":{"loc":{"start":{"line":43,"column":7},"end":{"line":84,"column":7}},"type":"cond-expr","locations":[{"start":{"line":44,"column":8},"end":{"line":81,"column":26}},{"start":{"line":83,"column":8},"end":{"line":83,"column":19}}],"line":43},"1":{"loc":{"start":{"line":47,"column":12},"end":{"line":49,"column":56}},"type":"cond-expr","locations":[{"start":{"line":48,"column":16},"end":{"line":48,"column":57}},{"start":{"line":49,"column":16},"end":{"line":49,"column":56}}],"line":47}},"s":{"0":3,"1":2,"2":2,"3":2,"4":0,"5":0,"6":0,"7":0,"8":0,"9":0,"10":0,"11":0,"12":0,"13":0},"f":{"0":3,"1":0,"2":0,"3":0,"4":0},"b":{"0":[0,0],"1":[0,0]},"_coverageSchema":"1a1c01bbd47fc00a2c39e90264f33305004495a9","hash":"f905fc96da8ae6fe464f84807f6241b8896eb9d5"}
,"/mnt/d/Administrator/Docs/Codeworks/senior/legacyProject/wevva-app/components/Hourly.js": {"path":"/mnt/d/Administrator/Docs/Codeworks/senior/legacyProject/wevva-app/components/Hourly.js","statementMap":{"0":{"start":{"line":11,"column":17},"end":{"line":11,"column":41}},"1":{"start":{"line":13,"column":2},"end":{"line":41,"column":4}},"2":{"start":{"line":19,"column":12},"end":{"line":36,"column":19}}},"fnMap":{"0":{"name":"Hourly","decl":{"start":{"line":10,"column":24},"end":{"line":10,"column":30}},"loc":{"start":{"line":10,"column":41},"end":{"line":42,"column":1}},"line":10},"1":{"name":"(anonymous_1)","decl":{"start":{"line":18,"column":22},"end":{"line":18,"column":23}},"loc":{"start":{"line":19,"column":12},"end":{"line":36,"column":19}},"line":19}},"branchMap":{},"s":{"0":2,"1":0,"2":0},"f":{"0":2,"1":0},"b":{},"_coverageSchema":"1a1c01bbd47fc00a2c39e90264f33305004495a9","hash":"4106c54bc27d6de3847298ef28b7e0801082810b"}
,"/mnt/d/Administrator/Docs/Codeworks/senior/legacyProject/wevva-app/components/Loading.js": {"path":"/mnt/d/Administrator/Docs/Codeworks/senior/legacyProject/wevva-app/components/Loading.js","statementMap":{"0":{"start":{"line":6,"column":2},"end":{"line":18,"column":4}}},"fnMap":{"0":{"name":"Loading","decl":{"start":{"line":5,"column":24},"end":{"line":5,"column":31}},"loc":{"start":{"line":5,"column":42},"end":{"line":19,"column":1}},"line":5}},"branchMap":{},"s":{"0":8},"f":{"0":8},"b":{},"_coverageSchema":"1a1c01bbd47fc00a2c39e90264f33305004495a9","hash":"bb60db38dbdf1f51e26b4d4e5225b098fe840c99"}
,"/mnt/d/Administrator/Docs/Codeworks/senior/legacyProject/wevva-app/components/Main.js": {"path":"/mnt/d/Administrator/Docs/Codeworks/senior/legacyProject/wevva-app/components/Main.js","statementMap":{"0":{"start":{"line":10,"column":49},"end":{"line":10,"column":57}},"1":{"start":{"line":12,"column":23},"end":{"line":24,"column":3}},"2":{"start":{"line":13,"column":25},"end":{"line":13,"column":43}},"3":{"start":{"line":14,"column":4},"end":{"line":23,"column":7}},"4":{"start":{"line":15,"column":6},"end":{"line":15,"column":30}},"5":{"start":{"line":16,"column":6},"end":{"line":22,"column":8}},"6":{"start":{"line":26,"column":2},"end":{"line":56,"column":4}}},"fnMap":{"0":{"name":"App","decl":{"start":{"line":9,"column":24},"end":{"line":9,"column":27}},"loc":{"start":{"line":9,"column":30},"end":{"line":57,"column":1}},"line":9},"1":{"name":"(anonymous_1)","decl":{"start":{"line":12,"column":23},"end":{"line":12,"column":24}},"loc":{"start":{"line":12,"column":29},"end":{"line":24,"column":3}},"line":12},"2":{"name":"(anonymous_2)","decl":{"start":{"line":14,"column":30},"end":{"line":14,"column":31}},"loc":{"start":{"line":14,"column":40},"end":{"line":23,"column":5}},"line":14}},"branchMap":{"0":{"loc":{"start":{"line":29,"column":7},"end":{"line":54,"column":7}},"type":"cond-expr","locations":[{"start":{"line":32,"column":8},"end":{"line":51,"column":17}},{"start":{"line":53,"column":8},"end":{"line":53,"column":53}}],"line":29},"1":{"loc":{"start":{"line":29,"column":7},"end":{"line":29,"column":28}},"type":"binary-expr","locations":[{"start":{"line":29,"column":7},"end":{"line":29,"column":15}},{"start":{"line":29,"column":19},"end":{"line":29,"column":28}}],"line":29}},"s":{"0":4,"1":4,"2":0,"3":0,"4":0,"5":0,"6":4},"f":{"0":4,"1":0,"2":0},"b":{"0":[0,4],"1":[4,0]},"_coverageSchema":"1a1c01bbd47fc00a2c39e90264f33305004495a9","hash":"9cc8f80597353333052ef260aff4d22eadb13718"}
,"/mnt/d/Administrator/Docs/Codeworks/senior/legacyProject/wevva-app/components/Map.js": {"path":"/mnt/d/Administrator/Docs/Codeworks/senior/legacyProject/wevva-app/components/Map.js","statementMap":{"0":{"start":{"line":12,"column":2},"end":{"line":33,"column":4}}},"fnMap":{"0":{"name":"Map","decl":{"start":{"line":11,"column":24},"end":{"line":11,"column":27}},"loc":{"start":{"line":11,"column":53},"end":{"line":34,"column":1}},"line":11}},"branchMap":{"0":{"loc":{"start":{"line":17,"column":26},"end":{"line":17,"column":63}},"type":"cond-expr","locations":[{"start":{"line":17,"column":45},"end":{"line":17,"column":47}},{"start":{"line":17,"column":50},"end":{"line":17,"column":63}}],"line":17}},"s":{"0":2},"f":{"0":2},"b":{"0":[0,2]},"_coverageSchema":"1a1c01bbd47fc00a2c39e90264f33305004495a9","hash":"ffd446205c021aaa394d71f389940eca4f163346"}
,"/mnt/d/Administrator/Docs/Codeworks/senior/legacyProject/wevva-app/components/Search.js": {"path":"/mnt/d/Administrator/Docs/Codeworks/senior/legacyProject/wevva-app/components/Search.js","statementMap":{"0":{"start":{"line":8,"column":14},"end":{"line":8,"column":36}},"1":{"start":{"line":11,"column":2},"end":{"line":22,"column":4}}},"fnMap":{"0":{"name":"Search","decl":{"start":{"line":10,"column":24},"end":{"line":10,"column":30}},"loc":{"start":{"line":10,"column":33},"end":{"line":23,"column":1}},"line":10}},"branchMap":{},"s":{"0":3,"1":3},"f":{"0":3},"b":{},"_coverageSchema":"1a1c01bbd47fc00a2c39e90264f33305004495a9","hash":"ff52901e262e638697ae44cc428ac5d59658fcae"}
,"/mnt/d/Administrator/Docs/Codeworks/senior/legacyProject/wevva-app/components/SearchScreen.js": {"path":"/mnt/d/Administrator/Docs/Codeworks/senior/legacyProject/wevva-app/components/SearchScreen.js","statementMap":{"0":{"start":{"line":14,"column":42},"end":{"line":14,"column":54}},"1":{"start":{"line":15,"column":42},"end":{"line":15,"column":54}},"2":{"start":{"line":16,"column":49},"end":{"line":16,"column":57}},"3":{"start":{"line":20,"column":2},"end":{"line":22,"column":21}},"4":{"start":{"line":21,"column":4},"end":{"line":21,"column":33}},"5":{"start":{"line":24,"column":23},"end":{"line":26,"column":3}},"6":{"start":{"line":25,"column":4},"end":{"line":25,"column":31}},"7":{"start":{"line":27,"column":25},"end":{"line":30,"column":3}},"8":{"start":{"line":28,"column":46},"end":{"line":28,"column":77}},"9":{"start":{"line":31,"column":22},"end":{"line":39,"column":3}},"10":{"start":{"line":32,"column":4},"end":{"line":38,"column":9}},"11":{"start":{"line":35,"column":26},"end":{"line":35,"column":41}},"12":{"start":{"line":37,"column":8},"end":{"line":37,"column":30}},"13":{"start":{"line":41,"column":2},"end":{"line":182,"column":4}},"14":{"start":{"line":61,"column":18},"end":{"line":117,"column":20}},"15":{"start":{"line":68,"column":24},"end":{"line":72,"column":26}},"16":{"start":{"line":86,"column":28},"end":{"line":86,"column":58}},"17":{"start":{"line":87,"column":28},"end":{"line":87,"column":48}},"18":{"start":{"line":88,"column":28},"end":{"line":88,"column":48}},"19":{"start":{"line":105,"column":28},"end":{"line":105,"column":61}},"20":{"start":{"line":120,"column":34},"end":{"line":120,"column":57}},"21":{"start":{"line":122,"column":20},"end":{"line":174,"column":22}},"22":{"start":{"line":129,"column":26},"end":{"line":133,"column":28}},"23":{"start":{"line":146,"column":30},"end":{"line":146,"column":60}},"24":{"start":{"line":162,"column":30},"end":{"line":162,"column":63}}},"fnMap":{"0":{"name":"SearchScreen","decl":{"start":{"line":13,"column":24},"end":{"line":13,"column":36}},"loc":{"start":{"line":13,"column":53},"end":{"line":183,"column":1}},"line":13},"1":{"name":"(anonymous_1)","decl":{"start":{"line":20,"column":12},"end":{"line":20,"column":13}},"loc":{"start":{"line":20,"column":18},"end":{"line":22,"column":3}},"line":20},"2":{"name":"(anonymous_2)","decl":{"start":{"line":24,"column":23},"end":{"line":24,"column":24}},"loc":{"start":{"line":24,"column":38},"end":{"line":26,"column":3}},"line":24},"3":{"name":"(anonymous_3)","decl":{"start":{"line":28,"column":27},"end":{"line":28,"column":28}},"loc":{"start":{"line":28,"column":45},"end":{"line":28,"column":78}},"line":28},"4":{"name":"(anonymous_4)","decl":{"start":{"line":31,"column":22},"end":{"line":31,"column":23}},"loc":{"start":{"line":31,"column":34},"end":{"line":39,"column":3}},"line":31},"5":{"name":"(anonymous_5)","decl":{"start":{"line":35,"column":12},"end":{"line":35,"column":13}},"loc":{"start":{"line":35,"column":26},"end":{"line":35,"column":41}},"line":35},"6":{"name":"(anonymous_6)","decl":{"start":{"line":36,"column":12},"end":{"line":36,"column":13}},"loc":{"start":{"line":36,"column":22},"end":{"line":38,"column":7}},"line":36},"7":{"name":"(anonymous_7)","decl":{"start":{"line":60,"column":33},"end":{"line":60,"column":34}},"loc":{"start":{"line":60,"column":43},"end":{"line":118,"column":17}},"line":60},"8":{"name":"(anonymous_8)","decl":{"start":{"line":67,"column":31},"end":{"line":67,"column":32}},"loc":{"start":{"line":68,"column":24},"end":{"line":72,"column":26}},"line":68},"9":{"name":"(anonymous_9)","decl":{"start":{"line":85,"column":35},"end":{"line":85,"column":36}},"loc":{"start":{"line":85,"column":41},"end":{"line":89,"column":27}},"line":85},"10":{"name":"(anonymous_10)","decl":{"start":{"line":104,"column":35},"end":{"line":104,"column":36}},"loc":{"start":{"line":104,"column":41},"end":{"line":106,"column":27}},"line":104},"11":{"name":"(anonymous_11)","decl":{"start":{"line":120,"column":23},"end":{"line":120,"column":24}},"loc":{"start":{"line":120,"column":34},"end":{"line":120,"column":57}},"line":120},"12":{"name":"(anonymous_12)","decl":{"start":{"line":121,"column":23},"end":{"line":121,"column":24}},"loc":{"start":{"line":121,"column":33},"end":{"line":175,"column":19}},"line":121},"13":{"name":"(anonymous_13)","decl":{"start":{"line":128,"column":33},"end":{"line":128,"column":34}},"loc":{"start":{"line":129,"column":26},"end":{"line":133,"column":28}},"line":129},"14":{"name":"(anonymous_14)","decl":{"start":{"line":145,"column":37},"end":{"line":145,"column":38}},"loc":{"start":{"line":145,"column":43},"end":{"line":147,"column":29}},"line":145},"15":{"name":"(anonymous_15)","decl":{"start":{"line":161,"column":37},"end":{"line":161,"column":38}},"loc":{"start":{"line":161,"column":43},"end":{"line":163,"column":29}},"line":161}},"branchMap":{"0":{"loc":{"start":{"line":43,"column":7},"end":{"line":180,"column":7}},"type":"cond-expr","locations":[{"start":{"line":44,"column":8},"end":{"line":177,"column":21}},{"start":{"line":179,"column":8},"end":{"line":179,"column":13}}],"line":43},"1":{"loc":{"start":{"line":43,"column":7},"end":{"line":43,"column":45}},"type":"binary-expr","locations":[{"start":{"line":43,"column":7},"end":{"line":43,"column":20}},{"start":{"line":43,"column":24},"end":{"line":43,"column":31}},{"start":{"line":43,"column":35},"end":{"line":43,"column":45}}],"line":43},"2":{"loc":{"start":{"line":59,"column":13},"end":{"line":175,"column":20}},"type":"cond-expr","locations":[{"start":{"line":60,"column":16},"end":{"line":118,"column":18}},{"start":{"line":119,"column":16},"end":{"line":175,"column":20}}],"line":59},"3":{"loc":{"start":{"line":77,"column":25},"end":{"line":77,"column":62}},"type":"cond-expr","locations":[{"start":{"line":77,"column":38},"end":{"line":77,"column":55}},{"start":{"line":77,"column":58},"end":{"line":77,"column":62}}],"line":77},"4":{"loc":{"start":{"line":79,"column":23},"end":{"line":115,"column":23}},"type":"cond-expr","locations":[{"start":{"line":80,"column":24},"end":{"line":97,"column":43}},{"start":{"line":99,"column":24},"end":{"line":114,"column":43}}],"line":79},"5":{"loc":{"start":{"line":138,"column":27},"end":{"line":138,"column":64}},"type":"cond-expr","locations":[{"start":{"line":138,"column":40},"end":{"line":138,"column":57}},{"start":{"line":138,"column":60},"end":{"line":138,"column":64}}],"line":138},"6":{"loc":{"start":{"line":140,"column":25},"end":{"line":172,"column":25}},"type":"cond-expr","locations":[{"start":{"line":141,"column":26},"end":{"line":155,"column":45}},{"start":{"line":157,"column":26},"end":{"line":171,"column":45}}],"line":140}},"s":{"0":4,"1":4,"2":4,"3":4,"4":3,"5":4,"6":0,"7":4,"8":0,"9":4,"10":0,"11":0,"12":0,"13":4,"14":0,"15":0,"16":0,"17":0,"18":0,"19":0,"20":0,"21":0,"22":0,"23":0,"24":0},"f":{"0":4,"1":3,"2":0,"3":0,"4":0,"5":0,"6":0,"7":0,"8":0,"9":0,"10":0,"11":0,"12":0,"13":0,"14":0,"15":0},"b":{"0":[0,4],"1":[4,0,0],"2":[0,0],"3":[0,0],"4":[0,0],"5":[0,0],"6":[0,0]},"_coverageSchema":"1a1c01bbd47fc00a2c39e90264f33305004495a9","hash":"51b6119a623274839dc84f2fa99c2a85462ecf0f"}
,"/mnt/d/Administrator/Docs/Codeworks/senior/legacyProject/wevva-app/components/SevenDay.js": {"path":"/mnt/d/Administrator/Docs/Codeworks/senior/legacyProject/wevva-app/components/SevenDay.js","statementMap":{"0":{"start":{"line":11,"column":16},"end":{"line":11,"column":38}},"1":{"start":{"line":13,"column":2},"end":{"line":43,"column":4}},"2":{"start":{"line":19,"column":12},"end":{"line":38,"column":19}}},"fnMap":{"0":{"name":"SevenDay","decl":{"start":{"line":10,"column":24},"end":{"line":10,"column":32}},"loc":{"start":{"line":10,"column":43},"end":{"line":44,"column":1}},"line":10},"1":{"name":"(anonymous_1)","decl":{"start":{"line":18,"column":21},"end":{"line":18,"column":22}},"loc":{"start":{"line":19,"column":12},"end":{"line":38,"column":19}},"line":19}},"branchMap":{},"s":{"0":2,"1":0,"2":0},"f":{"0":2,"1":0},"b":{},"_coverageSchema":"1a1c01bbd47fc00a2c39e90264f33305004495a9","hash":"fdf4d634e3143a2c778d905214db53cca9f58dec"}
,"/mnt/d/Administrator/Docs/Codeworks/senior/legacyProject/wevva-app/styles/styles.js": {"path":"/mnt/d/Administrator/Docs/Codeworks/senior/legacyProject/wevva-app/styles/styles.js","statementMap":{"0":{"start":{"line":2,"column":22},"end":{"line":176,"column":2}}},"fnMap":{},"branchMap":{},"s":{"0":15},"f":{},"b":{},"_coverageSchema":"1a1c01bbd47fc00a2c39e90264f33305004495a9","hash":"336c48373652a478c94a3624efb93941bbd4f0ca"}
}
