TN:
SF:App.js
FN:5,App
FNF:1
FNH:1
FNDA:2,App
DA:6,2
LF:1
LH:1
BRF:0
BRH:0
end_of_record
TN:
SF:AppContext.js
FN:7,useApp
FN:11,AppProvider
FN:17,(anonymous_2)
FN:27,(anonymous_3)
FN:28,(anonymous_4)
FN:46,(anonymous_5)
FN:59,(anonymous_6)
FN:64,(anonymous_7)
FN:66,(anonymous_8)
FNF:9
FNH:5
FNDA:8,useApp
FNDA:4,AppProvider
FNDA:0,(anonymous_2)
FNDA:2,(anonymous_3)
FNDA:2,(anonymous_4)
FNDA:2,(anonymous_5)
FNDA:0,(anonymous_6)
FNDA:0,(anonymous_7)
FNDA:0,(anonymous_8)
DA:5,5
DA:8,8
DA:12,4
DA:13,4
DA:14,4
DA:17,4
DA:18,0
DA:19,0
DA:21,0
DA:27,4
DA:28,2
DA:29,2
DA:30,2
DA:31,0
DA:32,0
DA:33,0
DA:35,0
DA:38,0
DA:39,0
DA:41,0
DA:46,2
DA:47,2
DA:48,2
DA:49,0
DA:50,0
DA:53,0
DA:59,4
DA:60,0
DA:61,0
DA:62,0
DA:64,4
DA:65,0
DA:66,0
DA:67,0
DA:68,0
DA:71,4
LF:36
LH:16
BRDA:31,0,0,0
BRDA:31,0,1,0
BRDA:49,1,0,0
BRDA:49,1,1,0
BRF:4
BRH:0
end_of_record
TN:
SF:helpers.js
FN:4,(anonymous_0)
FN:9,(anonymous_1)
FN:15,(anonymous_2)
FN:24,(anonymous_3)
FN:39,(anonymous_4)
FN:54,(anonymous_5)
FN:69,(anonymous_6)
FN:84,(anonymous_7)
FN:99,(anonymous_8)
FN:114,(anonymous_9)
FN:129,(anonymous_10)
FNF:11
FNH:0
FNDA:0,(anonymous_0)
FNDA:0,(anonymous_1)
FNDA:0,(anonymous_2)
FNDA:0,(anonymous_3)
FNDA:0,(anonymous_4)
FNDA:0,(anonymous_5)
FNDA:0,(anonymous_6)
FNDA:0,(anonymous_7)
FNDA:0,(anonymous_8)
FNDA:0,(anonymous_9)
FNDA:0,(anonymous_10)
DA:4,9
DA:5,0
DA:9,9
DA:10,0
DA:11,0
DA:15,9
DA:16,0
DA:17,0
DA:18,0
DA:19,0
DA:20,0
DA:24,9
DA:25,0
DA:26,0
DA:27,0
DA:28,0
DA:29,0
DA:30,0
DA:31,0
DA:32,0
DA:34,0
DA:39,9
DA:40,0
DA:41,0
DA:42,0
DA:43,0
DA:44,0
DA:45,0
DA:46,0
DA:47,0
DA:49,0
DA:54,9
DA:55,0
DA:56,0
DA:57,0
DA:58,0
DA:59,0
DA:60,0
DA:61,0
DA:62,0
DA:64,0
DA:69,9
DA:70,0
DA:71,0
DA:72,0
DA:73,0
DA:74,0
DA:75,0
DA:76,0
DA:77,0
DA:79,0
DA:84,9
DA:85,0
DA:86,0
DA:87,0
DA:88,0
DA:89,0
DA:90,0
DA:91,0
DA:92,0
DA:94,0
DA:99,9
DA:100,0
DA:101,0
DA:102,0
DA:103,0
DA:104,0
DA:105,0
DA:106,0
DA:107,0
DA:109,0
DA:114,9
DA:115,0
DA:116,0
DA:117,0
DA:118,0
DA:119,0
DA:120,0
DA:121,0
DA:122,0
DA:124,0
DA:129,9
DA:130,0
DA:131,0
DA:132,0
DA:133,0
DA:134,0
DA:135,0
DA:136,0
DA:137,0
DA:139,0
LF:91
LH:11
BRDA:25,0,0,0
BRDA:25,0,1,0
BRDA:27,1,0,0
BRDA:27,1,1,0
BRDA:29,2,0,0
BRDA:29,2,1,0
BRDA:31,3,0,0
BRDA:31,3,1,0
BRDA:40,4,0,0
BRDA:40,4,1,0
BRDA:42,5,0,0
BRDA:42,5,1,0
BRDA:44,6,0,0
BRDA:44,6,1,0
BRDA:46,7,0,0
BRDA:46,7,1,0
BRDA:55,8,0,0
BRDA:55,8,1,0
BRDA:57,9,0,0
BRDA:57,9,1,0
BRDA:59,10,0,0
BRDA:59,10,1,0
BRDA:61,11,0,0
BRDA:61,11,1,0
BRDA:70,12,0,0
BRDA:70,12,1,0
BRDA:72,13,0,0
BRDA:72,13,1,0
BRDA:74,14,0,0
BRDA:74,14,1,0
BRDA:76,15,0,0
BRDA:76,15,1,0
BRDA:85,16,0,0
BRDA:85,16,1,0
BRDA:87,17,0,0
BRDA:87,17,1,0
BRDA:89,18,0,0
BRDA:89,18,1,0
BRDA:91,19,0,0
BRDA:91,19,1,0
BRDA:100,20,0,0
BRDA:100,20,1,0
BRDA:102,21,0,0
BRDA:102,21,1,0
BRDA:104,22,0,0
BRDA:104,22,1,0
BRDA:106,23,0,0
BRDA:106,23,1,0
BRDA:115,24,0,0
BRDA:115,24,1,0
BRDA:117,25,0,0
BRDA:117,25,1,0
BRDA:119,26,0,0
BRDA:119,26,1,0
BRDA:121,27,0,0
BRDA:121,27,1,0
BRDA:130,28,0,0
BRDA:130,28,1,0
BRDA:132,29,0,0
BRDA:132,29,1,0
BRDA:134,30,0,0
BRDA:134,30,1,0
BRDA:136,31,0,0
BRDA:136,31,1,0
BRF:64
BRH:0
end_of_record
TN:
SF:assets/index.js
FNF:0
FNH:0
DA:1,10
LF:1
LH:1
BRF:0
BRH:0
end_of_record
TN:
SF:components/AirPollution.js
FN:15,AirPollution
FN:18,(anonymous_1)
FN:22,(anonymous_2)
FN:23,(anonymous_3)
FNF:4
FNH:2
FNDA:2,AirPollution
FNDA:1,(anonymous_1)
FNDA:0,(anonymous_2)
FNDA:0,(anonymous_3)
DA:16,2
DA:18,2
DA:19,1
DA:22,0
DA:24,0
DA:28,2
LF:6
LH:4
BRDA:30,0,0,0
BRDA:30,0,1,2
BRF:2
BRH:1
end_of_record
TN:
SF:components/Conditions.js
FN:7,Conditions
FNF:1
FNH:1
FNDA:2,Conditions
DA:8,2
DA:9,0
DA:10,0
DA:11,0
DA:33,0
LF:5
LH:1
BRF:0
BRH:0
end_of_record
TN:
SF:components/Current.js
FN:10,Current
FN:19,(anonymous_1)
FN:25,(anonymous_2)
FN:26,(anonymous_3)
FNF:4
FNH:2
FNDA:2,Current
FNDA:1,(anonymous_1)
FNDA:0,(anonymous_2)
FNDA:0,(anonymous_3)
DA:11,2
DA:12,2
DA:13,2
DA:14,2
DA:15,2
DA:19,2
DA:20,1
DA:25,0
DA:27,0
DA:28,0
DA:29,0
DA:30,0
DA:31,0
DA:38,2
DA:41,2
LF:15
LH:9
BRDA:43,0,0,0
BRDA:43,0,1,2
BRDA:51,1,0,0
BRDA:51,1,1,0
BRDA:53,2,0,0
BRDA:53,2,1,0
BRDA:58,3,0,0
BRDA:58,3,1,0
BRF:8
BRH:1
end_of_record
TN:
SF:components/Day.js
FN:7,Day
FNF:1
FNH:1
FNDA:2,Day
DA:8,2
LF:1
LH:1
BRDA:11,0,0,0
BRDA:11,0,1,2
BRF:2
BRH:1
end_of_record
TN:
SF:components/Days.js
FN:7,Days
FNF:1
FNH:1
FNDA:2,Days
DA:8,2
DA:10,0
LF:2
LH:1
BRDA:12,0,0,0
BRDA:12,0,1,0
BRF:2
BRH:0
end_of_record
TN:
SF:components/Forecast.js
FN:15,Forecast
FN:22,(anonymous_1)
FN:26,(anonymous_2)
FN:27,(anonymous_3)
FNF:4
FNH:2
FNDA:2,Forecast
FNDA:1,(anonymous_1)
FNDA:0,(anonymous_2)
FNDA:0,(anonymous_3)
DA:16,2
DA:17,2
DA:18,2
DA:22,2
DA:23,1
DA:26,0
DA:28,0
DA:29,0
DA:30,0
DA:34,2
LF:10
LH:6
BRDA:36,0,0,0
BRDA:36,0,1,2
BRDA:40,1,0,0
BRDA:40,1,1,0
BRF:4
BRH:1
end_of_record
TN:
SF:components/ForecastSearch.js
FN:20,ForecastSearch
FN:28,(anonymous_1)
FN:32,(anonymous_2)
FN:33,(anonymous_3)
FN:58,(anonymous_4)
FNF:5
FNH:1
FNDA:3,ForecastSearch
FNDA:0,(anonymous_1)
FNDA:0,(anonymous_2)
FNDA:0,(anonymous_3)
FNDA:0,(anonymous_4)
DA:21,3
DA:22,2
DA:23,2
DA:24,2
DA:25,0
DA:28,0
DA:29,0
DA:32,0
DA:34,0
DA:35,0
DA:36,0
DA:37,0
DA:41,0
DA:60,0
LF:14
LH:4
BRDA:43,0,0,0
BRDA:43,0,1,0
BRDA:47,1,0,0
BRDA:47,1,1,0
BRF:4
BRH:0
end_of_record
TN:
SF:components/Hourly.js
FN:10,Hourly
FN:18,(anonymous_1)
FNF:2
FNH:1
FNDA:2,Hourly
FNDA:0,(anonymous_1)
DA:11,2
DA:13,0
DA:19,0
LF:3
LH:1
BRF:0
BRH:0
end_of_record
TN:
SF:components/Loading.js
FN:5,Loading
FNF:1
FNH:1
FNDA:8,Loading
DA:6,8
LF:1
LH:1
BRF:0
BRH:0
end_of_record
TN:
SF:components/Main.js
FN:9,App
FN:12,(anonymous_1)
FN:14,(anonymous_2)
FNF:3
FNH:1
FNDA:4,App
FNDA:0,(anonymous_1)
FNDA:0,(anonymous_2)
DA:10,4
DA:12,4
DA:13,0
DA:14,0
DA:15,0
DA:16,0
DA:26,4
LF:7
LH:3
BRDA:29,0,0,0
BRDA:29,0,1,4
BRDA:29,1,0,4
BRDA:29,1,1,0
BRF:4
BRH:2
end_of_record
TN:
SF:components/Map.js
FN:11,Map
FNF:1
FNH:1
FNDA:2,Map
DA:12,2
LF:1
LH:1
BRDA:17,0,0,0
BRDA:17,0,1,2
BRF:2
BRH:1
end_of_record
TN:
SF:components/Search.js
FN:10,Search
FNF:1
FNH:1
FNDA:3,Search
DA:8,3
DA:11,3
LF:2
LH:2
BRF:0
BRH:0
end_of_record
TN:
SF:components/SearchScreen.js
FN:13,SearchScreen
FN:20,(anonymous_1)
FN:24,(anonymous_2)
FN:28,(anonymous_3)
FN:31,(anonymous_4)
FN:35,(anonymous_5)
FN:36,(anonymous_6)
FN:60,(anonymous_7)
FN:67,(anonymous_8)
FN:85,(anonymous_9)
FN:104,(anonymous_10)
FN:120,(anonymous_11)
FN:121,(anonymous_12)
FN:128,(anonymous_13)
FN:145,(anonymous_14)
FN:161,(anonymous_15)
FNF:16
FNH:2
FNDA:4,SearchScreen
FNDA:3,(anonymous_1)
FNDA:0,(anonymous_2)
FNDA:0,(anonymous_3)
FNDA:0,(anonymous_4)
FNDA:0,(anonymous_5)
FNDA:0,(anonymous_6)
FNDA:0,(anonymous_7)
FNDA:0,(anonymous_8)
FNDA:0,(anonymous_9)
FNDA:0,(anonymous_10)
FNDA:0,(anonymous_11)
FNDA:0,(anonymous_12)
FNDA:0,(anonymous_13)
FNDA:0,(anonymous_14)
FNDA:0,(anonymous_15)
DA:14,4
DA:15,4
DA:16,4
DA:20,4
DA:21,3
DA:24,4
DA:25,0
DA:27,4
DA:28,0
DA:31,4
DA:32,0
DA:35,0
DA:37,0
DA:41,4
DA:61,0
DA:68,0
DA:86,0
DA:87,0
DA:88,0
DA:105,0
DA:120,0
DA:122,0
DA:129,0
DA:146,0
DA:162,0
LF:25
LH:9
BRDA:43,0,0,0
BRDA:43,0,1,4
BRDA:43,1,0,4
BRDA:43,1,1,0
BRDA:43,1,2,0
BRDA:59,2,0,0
BRDA:59,2,1,0
BRDA:77,3,0,0
BRDA:77,3,1,0
BRDA:79,4,0,0
BRDA:79,4,1,0
BRDA:138,5,0,0
BRDA:138,5,1,0
BRDA:140,6,0,0
BRDA:140,6,1,0
BRF:15
BRH:2
end_of_record
TN:
SF:components/SevenDay.js
FN:10,SevenDay
FN:18,(anonymous_1)
FNF:2
FNH:1
FNDA:2,SevenDay
FNDA:0,(anonymous_1)
DA:11,2
DA:13,0
DA:19,0
LF:3
LH:1
BRF:0
BRH:0
end_of_record
TN:
SF:styles/styles.js
FNF:0
FNH:0
DA:2,15
LF:1
LH:1
BRF:0
BRH:0
end_of_record
